<?xml version="1.0" encoding="UTF-8"?>
<testng-results ignored="0" total="1" passed="1" failed="0" skipped="0">
  <reporter-output>
  </reporter-output>
  <suite started-at="2022-08-18T08:36:42 GMT-07:00" name="Default suite" finished-at="2022-08-18T08:36:48 GMT-07:00" duration-ms="5968">
    <groups>
    </groups>
    <test started-at="2022-08-18T08:36:42 GMT-07:00" name="Default test" finished-at="2022-08-18T08:36:48 GMT-07:00" duration-ms="5968">
      <class name="com.windowhandles.SwitchToParentWindow">
        <test-method signature="initBrowser()[pri:0, instance:com.windowhandles.SwitchToParentWindow@505fc5a4]" started-at="2022-08-18T08:36:42 GMT-07:00" name="initBrowser" finished-at="2022-08-18T08:36:48 GMT-07:00" duration-ms="5936" status="PASS">
          <reporter-output>
          </reporter-output>
        </test-method> <!-- initBrowser -->
      </class> <!-- com.windowhandles.SwitchToParentWindow -->
    </test> <!-- Default test -->
  </suite> <!-- Default suite -->
</testng-results>
